<?xml version="1.0" encoding="UTF-8"?>
<Site BuildName="Win32-MSBuild"
	BuildStamp="20221130-1438-Experimental"
	Name="RT1B"
	Generator="ctest-3.25.0"
	CompilerName="C:/Program Files/Microsoft Visual Studio/2022/Community/VC/Tools/MSVC/14.33.31629/bin/Hostx86/x64/cl.exe"
	CompilerVersion="19.33.31630.0"
	OSName="Windows"
	Hostname="RT1B"
	OSRelease=" Personal"
	OSVersion=" (Build 22000)"
	OSPlatform="AMD64"
	Is64Bits="1"
	VendorString="AuthenticAMD"
	VendorID="Advanced Micro Devices"
	FamilyID="15"
	ModelID="0"
	ProcessorCacheSize="64"
	NumberOfLogicalCPU="16"
	NumberOfPhysicalCPU="8"
	TotalVirtualMemory="37023"
	TotalPhysicalMemory="32159"
	LogicalProcessorsPerPhysical="2"
	ProcessorClockFrequency="3293"
	>
	<Testing>
		<StartDateTime>Nov 30 22:38 [NON-UTF-8-BYTE-0xA5]x[NON-UTF-8-BYTE-0xA5]_[NON-UTF-8-BYTE-0xBC]зǮɶ[NON-UTF-8-BYTE-0xA1]</StartDateTime>
		<StartTestTime>1669819139</StartTestTime>
		<TestList/>
		<EndDateTime>Nov 30 22:38 [NON-UTF-8-BYTE-0xA5]x[NON-UTF-8-BYTE-0xA5]_[NON-UTF-8-BYTE-0xBC]зǮɶ[NON-UTF-8-BYTE-0xA1]</EndDateTime>
		<EndTestTime>1669819139</EndTestTime>
		<ElapsedMinutes>0</ElapsedMinutes>
	</Testing>
</Site>
